#
# An unexpected error has been detected by Java Runtime Environment:
#
#  EXCEPTION_ACCESS_VIOLATION (0xc0000005) at pc=0x63914050, pid=588, tid=2640
#
# Java VM: Java HotSpot(TM) Client VM (11.2-b01 mixed mode, sharing windows-x86)
# Problematic frame:
# C  0x63914050
#
# If you would like to submit a bug report, please visit:
#   http://java.sun.com/webapps/bugreport/crash.jsp
#

---------------  T H R E A D  ---------------

Current thread (0x02a5d400):  VMThread [stack: 0x02b40000,0x02b90000] [id=2640]

siginfo: ExceptionCode=0xc0000005, reading address 0x63914050

Registers:
EAX=0x00912588, EBX=0x02b8f8b0, ECX=0x00912588, EDX=0x6da8a828
ESP=0x02b8f838, EBP=0x0b5af698, ESI=0x02b8f978, EDI=0x0b5af6a0
EIP=0x63914050, EFLAGS=0x00010206

Top of Stack: (sp=0x02b8f838)
0x02b8f838:   6d907f78 02b8f978 6d956995 0b5af6a0
0x02b8f848:   0b5af6c8 00912d94 02b8f8b0 02b8f978
0x02b8f858:   00000000 00000001 00912d94 0b5af6c8
0x02b8f868:   6d956a32 02b8f978 02b8f8b0 0b0bec00
0x02b8f878:   02b8fa0c 6da5944c 02b8f978 02b8f8b0
0x02b8f888:   02b8fa0c 0b0bec00 00138000 002a9a70
0x02b8f898:   0b5af650 00a262d6 00a26008 00000000
0x02b8f8a8:   0b5af698 0b5af650 0b5af5a4 0b5af5a0 

Instructions: (pc=0x63914050)
0x63914040:   
[error occurred during error reporting (printing registers, top of stack, instructions near pc), id 0xc0000005]

Stack: [0x02b40000,0x02b90000],  sp=0x02b8f838,  free space=318k
Native frames: (J=compiled Java code, j=interpreted, Vv=VM code, C=native code)
C  0x63914050
j  SecretRecovery.access$600(LSecretRecovery;Ljava/awt/event/FocusEvent;)V+2
j  SecretRecovery$7.focusLost(Ljava/awt/event/FocusEvent;)V+5
j  java.awt.AWTEventMulticaster.focusLost(Ljava/awt/event/FocusEvent;)V+21
j  java.awt.Component.processFocusEvent(Ljava/awt/event/FocusEvent;)V+52
j  java.awt.Component.processEvent(Ljava/awt/AWTEvent;)V+12
j  java.awt.Container.processEvent(Ljava/awt/AWTEvent;)V+18
j  java.awt.Component.dispatchEventImpl(Ljava/awt/AWTEvent;)V+562
j  java.awt.Container.dispatchEventImpl(Ljava/awt/AWTEvent;)V+42
j  java.awt.Component.dispatchEvent(Ljava/awt/AWTEvent;)V+2
j  java.awt.KeyboardFocusManager.redispatchEvent(Ljava/awt/Component;Ljava/awt/AWTEvent;)V+7
j  java.awt.DefaultKeyboardFocusManager.typeAheadAssertions(Ljava/awt/Component;Ljava/awt/AWTEvent;)Z+316
j  java.awt.DefaultKeyboardFocusManager.dispatchEvent(Ljava/awt/AWTEvent;)Z+1155
j  java.awt.Component.dispatchEventImpl(Ljava/awt/AWTEvent;)V+128
j  java.awt.Container.dispatchEventImpl(Ljava/awt/AWTEvent;)V+42
J  java.awt.EventQueue.dispatchEvent(Ljava/awt/AWTEvent;)V
J  java.awt.EventDispatchThread.pumpOneEventForFilters(I)Z
j  java.awt.EventDispatchThread.pumpEventsForFilter(ILjava/awt/Conditional;Ljava/awt/EventFilter;)V+30
j  java.awt.EventDispatchThread.pumpEventsForHierarchy(ILjava/awt/Conditional;Ljava/awt/Component;)V+11
j  java.awt.EventDispatchThread.pumpEvents(ILjava/awt/Conditional;)V+4
j  java.awt.EventDispatchThread.pumpEvents(Ljava/awt/Conditional;)V+3
j  java.awt.EventDispatchThread.run()V+9
v  ~StubRoutines::call_stub

VM_Operation (0x0b5af3a8): GenCollectForAllocation, mode: safepoint, requested by thread 0x0b0bec00


---------------  P R O C E S S  ---------------

Java Threads: ( => current thread )
  0x0b0bec00 JavaThread "AWT-EventQueue-0" [_thread_blocked, id=1436, stack(0x0b560000,0x0b5b0000)]
  0x02a7d800 JavaThread "Swing-Shell" daemon [_thread_blocked, id=2780, stack(0x0b640000,0x0b690000)]
  0x0b050400 JavaThread "TimerQueue" daemon [_thread_blocked, id=3960, stack(0x0b500000,0x0b550000)]
  0x0b049400 JavaThread "D3D Screen Updater" daemon [_thread_blocked, id=416, stack(0x0b420000,0x0b470000)]
  0x002a6400 JavaThread "DestroyJavaVM" [_thread_blocked, id=612, stack(0x008c0000,0x00910000)]
  0x02aee000 JavaThread "AWT-Windows" daemon [_thread_in_native, id=2820, stack(0x02ef0000,0x02f40000)]
  0x02aecc00 JavaThread "AWT-Shutdown" [_thread_blocked, id=2816, stack(0x02ea0000,0x02ef0000)]
  0x02aebc00 JavaThread "Java2D Disposer" daemon [_thread_blocked, id=2784, stack(0x02e50000,0x02ea0000)]
  0x02a71c00 JavaThread "Low Memory Detector" daemon [_thread_blocked, id=2796, stack(0x02d20000,0x02d70000)]
  0x02a6b400 JavaThread "CompilerThread0" daemon [_thread_blocked, id=2764, stack(0x02cd0000,0x02d20000)]
  0x02a69c00 JavaThread "Attach Listener" daemon [_thread_blocked, id=2760, stack(0x02c80000,0x02cd0000)]
  0x02a68800 JavaThread "Signal Dispatcher" daemon [_thread_blocked, id=2644, stack(0x02c30000,0x02c80000)]
  0x02a63800 JavaThread "Finalizer" daemon [_thread_blocked, id=1432, stack(0x02be0000,0x02c30000)]
  0x02a5ec00 JavaThread "Reference Handler" daemon [_thread_blocked, id=2484, stack(0x02b90000,0x02be0000)]

Other Threads:
=>0x02a5d400 VMThread [stack: 0x02b40000,0x02b90000] [id=2640]
  0x02a85400 WatcherThread [stack: 0x02d70000,0x02dc0000] [id=2800]

VM state:at safepoint (normal execution)

VM Mutex/Monitor currently owned by a thread:  ([mutex/lock_event])
[0x002a54f8] UNKNOWN - owner thread: 0x02a5d400
[0x002a5958] UNKNOWN - owner thread: 0x0b0bec00

Heap
 def new generation   total 960K, used 934K [0x22970000, 0x22a70000, 0x22e50000)
  eden space 896K,  97% used [0x22970000, 0x22a4a2b0, 0x22a50000)
  from space 64K,  97% used [0x22a50000, 0x22a5f8e8, 0x22a60000)
  to   space 64K,   0% used [0x22a60000, 0x22a60018, 0x22a70000)
 tenured generation   total 4876K, used 3493K [0x22e50000, 0x23313000, 0x26970000)
   the space 4876K,  71% used [0x22e50000, 0x231b9518, 0x231b9600, 0x23313000)
 compacting perm gen  total 12288K, used 1073K [0x26970000, 0x27570000, 0x2a970000)
   the space 12288K,   8% used [0x26970000, 0x26a7c6b0, 0x26a7c800, 0x27570000)
    ro space 8192K,  67% used [0x2a970000, 0x2aed7448, 0x2aed7600, 0x2b170000)
    rw space 12288K,  53% used [0x2b170000, 0x2b7e4d58, 0x2b7e4e00, 0x2bd70000)

Dynamic libraries:
0x00400000 - 0x00424000 	C:\Program Files\Java\jdk1.6.0_12\bin\java.exe
0x7c900000 - 0x7c9b0000 	C:\WINDOWS\system32\ntdll.dll
0x7c800000 - 0x7c8f4000 	C:\WINDOWS\system32\kernel32.dll
0x77dd0000 - 0x77e6b000 	C:\WINDOWS\system32\ADVAPI32.dll
0x77e70000 - 0x77f01000 	C:\WINDOWS\system32\RPCRT4.dll
0x7c340000 - 0x7c396000 	C:\Program Files\Java\jdk1.6.0_12\jre\bin\msvcr71.dll
0x6d8b0000 - 0x6db06000 	C:\Program Files\Java\jdk1.6.0_12\jre\bin\client\jvm.dll
0x77d40000 - 0x77dd0000 	C:\WINDOWS\system32\USER32.dll
0x77f10000 - 0x77f56000 	C:\WINDOWS\system32\GDI32.dll
0x76b40000 - 0x76b6d000 	C:\WINDOWS\system32\WINMM.dll
0x6d340000 - 0x6d348000 	C:\Program Files\Java\jdk1.6.0_12\jre\bin\hpi.dll
0x76bf0000 - 0x76bfb000 	C:\WINDOWS\system32\PSAPI.DLL
0x6d860000 - 0x6d86c000 	C:\Program Files\Java\jdk1.6.0_12\jre\bin\verify.dll
0x6d3e0000 - 0x6d3ff000 	C:\Program Files\Java\jdk1.6.0_12\jre\bin\java.dll
0x6d8a0000 - 0x6d8af000 	C:\Program Files\Java\jdk1.6.0_12\jre\bin\zip.dll
0x6d0b0000 - 0x6d1fa000 	C:\Program Files\Java\jdk1.6.0_12\jre\bin\awt.dll
0x73000000 - 0x73026000 	C:\WINDOWS\system32\WINSPOOL.DRV
0x77c10000 - 0x77c68000 	C:\WINDOWS\system32\msvcrt.dll
0x76390000 - 0x763ad000 	C:\WINDOWS\system32\IMM32.dll
0x774e0000 - 0x7761c000 	C:\WINDOWS\system32\ole32.dll
0x773d0000 - 0x774d2000 	C:\WINDOWS\WinSxS\x86_Microsoft.Windows.Common-Controls_6595b64144ccf1df_6.0.2600.2180_x-ww_a84f1ff9\comctl32.dll
0x77f60000 - 0x77fd6000 	C:\WINDOWS\system32\SHLWAPI.dll
0x5ad70000 - 0x5ada8000 	C:\WINDOWS\system32\uxtheme.dll
0x65780000 - 0x657a3000 	C:\Program Files\Alwil Software\Avast4\AhJsctNs.dll
0x6d2e0000 - 0x6d334000 	C:\Program Files\Java\jdk1.6.0_12\jre\bin\fontmanager.dll
0x4fdd0000 - 0x4ff76000 	C:\WINDOWS\system32\d3d9.dll
0x02f90000 - 0x02f96000 	C:\WINDOWS\system32\d3d8thk.dll
0x77c00000 - 0x77c08000 	C:\WINDOWS\system32\VERSION.dll
0x7c9c0000 - 0x7d1d4000 	C:\WINDOWS\system32\shell32.dll
0x6d6c0000 - 0x6d6d3000 	C:\Program Files\Java\jdk1.6.0_12\jre\bin\net.dll
0x71ab0000 - 0x71ac7000 	C:\WINDOWS\system32\WS2_32.dll
0x71aa0000 - 0x71aa8000 	C:\WINDOWS\system32\WS2HELP.dll
0x6d6e0000 - 0x6d6e9000 	C:\Program Files\Java\jdk1.6.0_12\jre\bin\nio.dll
0x6d500000 - 0x6d524000 	C:\Program Files\Java\jdk1.6.0_12\jre\bin\jpeg.dll
0x5b860000 - 0x5b8b4000 	C:\WINDOWS\system32\netapi32.dll
0x20000000 - 0x202c5000 	C:\WINDOWS\system32\xpsp2res.dll
0x77b40000 - 0x77b62000 	C:\WINDOWS\system32\appHelp.dll
0x76fd0000 - 0x7704f000 	C:\WINDOWS\system32\CLBCATQ.DLL
0x77120000 - 0x771ac000 	C:\WINDOWS\system32\OLEAUT32.dll
0x77050000 - 0x77115000 	C:\WINDOWS\system32\COMRes.dll
0x10000000 - 0x1005b000 	C:\Program Files\Common Files\Adobe\Acrobat\ActiveX\PDFShell.dll
0x78130000 - 0x781cb000 	C:\WINDOWS\WinSxS\x86_Microsoft.VC80.CRT_1fc8b3b9a1e18e3b_8.0.50727.762_x-ww_6b128700\MSVCR80.dll
0x71b20000 - 0x71b32000 	C:\WINDOWS\system32\MPR.dll
0x75f60000 - 0x75f67000 	C:\WINDOWS\System32\drprov.dll
0x71c10000 - 0x71c1e000 	C:\WINDOWS\System32\ntlanman.dll
0x71cd0000 - 0x71ce7000 	C:\WINDOWS\System32\NETUI0.dll
0x71c90000 - 0x71cd0000 	C:\WINDOWS\System32\NETUI1.dll
0x71c80000 - 0x71c87000 	C:\WINDOWS\System32\NETRAP.dll
0x71bf0000 - 0x71c03000 	C:\WINDOWS\System32\SAMLIB.dll
0x75f70000 - 0x75f79000 	C:\WINDOWS\System32\davclnt.dll
0x76600000 - 0x7661d000 	C:\WINDOWS\system32\cscdll.dll
0x77920000 - 0x77a13000 	C:\WINDOWS\system32\SETUPAPI.dll
0x73d70000 - 0x73d83000 	C:\WINDOWS\system32\shgina.dll
0x75970000 - 0x75a67000 	C:\WINDOWS\system32\MSGINA.dll
0x769c0000 - 0x76a73000 	C:\WINDOWS\system32\USERENV.dll
0x76360000 - 0x76370000 	C:\WINDOWS\system32\WINSTA.dll
0x74320000 - 0x7435d000 	C:\WINDOWS\system32\ODBC32.dll
0x763b0000 - 0x763f9000 	C:\WINDOWS\system32\comdlg32.dll
0x0b790000 - 0x0b7a7000 	C:\WINDOWS\system32\odbcint.dll
0x77fe0000 - 0x77ff1000 	C:\WINDOWS\system32\Secur32.dll
0x593f0000 - 0x59482000 	C:\WINDOWS\system32\wiashext.dll
0x4ec50000 - 0x4edf3000 	C:\WINDOWS\WinSxS\x86_Microsoft.Windows.GdiPlus_6595b64144ccf1df_1.0.2600.2180_x-ww_522f9f82\gdiplus.dll
0x771b0000 - 0x77256000 	C:\WINDOWS\system32\WININET.dll
0x77a80000 - 0x77b14000 	C:\WINDOWS\system32\CRYPT32.dll
0x77b20000 - 0x77b32000 	C:\WINDOWS\system32\MSASN1.dll
0x73ba0000 - 0x73bb3000 	C:\WINDOWS\system32\sti.dll
0x74ae0000 - 0x74ae7000 	C:\WINDOWS\system32\CFGMGR32.dll
0x76980000 - 0x76988000 	C:\WINDOWS\system32\LINKINFO.dll
0x76990000 - 0x769b5000 	C:\WINDOWS\system32\ntshrui.dll
0x76b20000 - 0x76b31000 	C:\WINDOWS\system32\ATL.DLL

VM Arguments:
java_command: LogIn
Launcher Type: SUN_STANDARD

Environment Variables:
PATH=C:\WINDOWS\system32;C:\WINDOWS;C:\WINDOWS\System32\Wbem;E:\Program Files\bin;C:\Program Files\Common Files\Autodesk Shared\;C:\Program Files\backburner 2\
USERNAME=INDY'S WORLD
OS=Windows_NT
PROCESSOR_IDENTIFIER=x86 Family 15 Model 4 Stepping 1, GenuineIntel



---------------  S Y S T E M  ---------------

OS: Windows XP Build 2600 Service Pack 2

CPU:total 1 (1 cores per cpu, 1 threads per core) family 15 model 4 stepping 1, cmov, cx8, fxsr, mmx, sse, sse2, sse3

Memory: 4k page, physical 915952k(381784k free), swap 2219704k(1712344k free)

vm_info: Java HotSpot(TM) Client VM (11.2-b01) for windows-x86 JRE (1.6.0_12-b04), built on Jan 17 2009 09:57:14 by "java_re" with MS VC++ 7.1

time: Wed Feb 25 23:14:33 2009
elapsed time: 246 seconds

